<?xml version="1.0" encoding="UTF-8"?>
<!-- Generated by org.testng.reporters.JUnitReportReporter -->
<testsuite hostname="LAPTOP-C19916DJ" failures="0" tests="1" name="com.vtiger.CreateContactNew" time="27.255" errors="0" timestamp="2021-04-12T11:23:27 IST" skipped="0">
  <testcase classname="com.vtiger.CreateContactNew" name="createcontact" time="27.255"/>
  <system-out/>
</testsuite> <!-- com.vtiger.CreateContactNew -->
