<?xml version="1.0" encoding="UTF-8"?>
<!-- Generated by org.testng.reporters.JUnitReportReporter -->
<testsuite hostname="LAPTOP-C19916DJ" failures="0" tests="1" name="com.vtiger.ContactIntegrationPOMPage" time="39.922" errors="0" timestamp="2021-04-16T19:49:24 IST" skipped="0">
  <testcase classname="com.vtiger.ContactIntegrationPOMPage" name="createcontact" time="39.922"/>
  <system-out/>
</testsuite> <!-- com.vtiger.ContactIntegrationPOMPage -->
