<?xml version="1.0" encoding="UTF-8"?>
<!-- Generated by org.testng.reporters.JUnitReportReporter -->
<testsuite hostname="LAPTOP-C19916DJ" failures="0" tests="1" name="com.vtiger.CreateOrgNew" time="56.317" errors="0" timestamp="2021-04-12T23:41:57 IST" skipped="0">
  <testcase classname="com.vtiger.CreateOrgNew" name="createOrg" time="56.317"/>
  <system-out/>
</testsuite> <!-- com.vtiger.CreateOrgNew -->
