<?xml version="1.0" encoding="UTF-8"?>
<!-- Generated by org.testng.reporters.JUnitReportReporter -->
<testsuite hostname="LAPTOP-C19916DJ" failures="0" tests="1" name="com.vtiger.CreateOpportiunityTC1" time="29.968" errors="0" timestamp="2021-04-18T16:45:01 IST" skipped="0">
  <testcase classname="com.vtiger.CreateOpportiunityTC1" name="createOpportiunity" time="29.968"/>
  <system-out/>
</testsuite> <!-- com.vtiger.CreateOpportiunityTC1 -->
