<?xml version="1.0" encoding="UTF-8"?>
<!-- Generated by org.testng.reporters.JUnitReportReporter -->
<testsuite hostname="LAPTOP-C19916DJ" failures="0" tests="1" name="com.vtiger.CreateOrg" time="33.754" errors="0" timestamp="2021-04-11T19:53:50 IST" skipped="0">
  <testcase classname="com.vtiger.CreateOrg" name="createOrg" time="33.754"/>
  <system-out/>
</testsuite> <!-- com.vtiger.CreateOrg -->
