<?xml version="1.0" encoding="UTF-8"?>
<!-- Generated by org.testng.reporters.JUnitReportReporter -->
<testsuite hostname="LAPTOP-C19916DJ" failures="0" tests="1" name="com.vtiger.OpportiunityValidationTC2" time="36.948" errors="0" timestamp="2021-04-20T12:22:23 IST" skipped="0">
  <testcase classname="com.vtiger.OpportiunityValidationTC2" name="opportiunityValidation" time="36.948"/>
  <system-out/>
</testsuite> <!-- com.vtiger.OpportiunityValidationTC2 -->
