<?xml version="1.0" encoding="UTF-8"?>
<!-- Generated by org.testng.reporters.JUnitReportReporter -->
<testsuite hostname="LAPTOP-C19916DJ" failures="0" tests="1" name="com.vtiger.ContactCreationPOM" time="32.041" errors="0" timestamp="2021-04-16T18:15:52 IST" skipped="0">
  <testcase classname="com.vtiger.ContactCreationPOM" name="createContact" time="32.041"/>
  <system-out/>
</testsuite> <!-- com.vtiger.ContactCreationPOM -->
