<?xml version="1.0" encoding="UTF-8"?>
<!-- Generated by org.testng.reporters.JUnitReportReporter -->
<testsuite hostname="LAPTOP-C19916DJ" failures="0" tests="1" name="com.vtiger.CreateOrgPOM" time="35.967" errors="0" timestamp="2021-04-16T19:12:31 IST" skipped="0">
  <testcase classname="com.vtiger.CreateOrgPOM" name="createOrg" time="35.967"/>
  <system-out/>
</testsuite> <!-- com.vtiger.CreateOrgPOM -->
