<?xml version="1.0" encoding="UTF-8"?>
<!-- Generated by org.testng.reporters.JUnitReportReporter -->
<testsuite hostname="LAPTOP-C19916DJ" failures="0" tests="1" name="com.vtiger.CreateOpportunityUsingOrgErasebuttonTC5" time="37.109" errors="0" timestamp="2021-04-20T18:57:42 IST" skipped="0">
  <testcase classname="com.vtiger.CreateOpportunityUsingOrgErasebuttonTC5" name="createOppusingOrgErasebutton" time="37.109"/>
  <system-out/>
</testsuite> <!-- com.vtiger.CreateOpportunityUsingOrgErasebuttonTC5 -->
