<?xml version="1.0" encoding="UTF-8"?>
<!-- Generated by org.testng.reporters.JUnitReportReporter -->
<testsuite hostname="LAPTOP-C19916DJ" failures="0" tests="1" name="com.Testyantra.ClickallCheckboxes" time="24.165" errors="0" timestamp="2021-04-14T00:17:19 IST" skipped="0">
  <testcase classname="com.Testyantra.ClickallCheckboxes" name="checkAllCheckBoxes" time="24.165"/>
  <system-out/>
</testsuite> <!-- com.Testyantra.ClickallCheckboxes -->
