<?xml version="1.0" encoding="UTF-8"?>
<!-- Generated by org.testng.reporters.JUnitReportReporter -->
<testsuite hostname="LAPTOP-C19916DJ" failures="0" tests="1" name="com.vtiger.CreateContactusingErasebuttonTC4" time="25.753" errors="0" timestamp="2021-04-18T18:28:28 IST" skipped="0">
  <testcase classname="com.vtiger.CreateContactusingErasebuttonTC4" name="createContactusingErasebutton" time="25.753"/>
  <system-out/>
</testsuite> <!-- com.vtiger.CreateContactusingErasebuttonTC4 -->
