<?xml version="1.0" encoding="UTF-8"?>
<!-- Generated by org.testng.reporters.JUnitReportReporter -->
<testsuite hostname="LAPTOP-C19916DJ" failures="0" tests="1" name="com.vtiger.ContactIntegrationPOMPage" time="27.531" errors="0" timestamp="2021-04-16T11:25:03 IST" skipped="0">
  <testcase classname="com.vtiger.ContactIntegrationPOMPage" name="createcontact" time="27.531"/>
  <system-out/>
</testsuite> <!-- com.vtiger.ContactIntegrationPOMPage -->
