<?xml version="1.0" encoding="UTF-8"?>
<!-- Generated by org.testng.reporters.JUnitReportReporter -->
<testsuite hostname="LAPTOP-C19916DJ" failures="0" tests="2" name="com.vtiger.CreateOppwithOrgTC3" time="63.668" errors="0" timestamp="2021-04-20T19:32:35 IST" skipped="0">
  <testcase classname="com.vtiger.CreateOppwithOrgTC3" name="createOppwithOrg" time="30.340"/>
  <system-out/>
  <testcase classname="com.vtiger.CreateOppwithOrgTC3" name="createOppwithOrg" time="33.328"/>
  <system-out/>
</testsuite> <!-- com.vtiger.CreateOppwithOrgTC3 -->
