<?xml version="1.0" encoding="UTF-8"?>
<!-- Generated by org.testng.reporters.JUnitReportReporter -->
<testsuite hostname="LAPTOP-C19916DJ" failures="0" tests="1" name="com.vtiger.Create_ContactNew" time="34.313" errors="0" timestamp="2021-04-12T19:51:30 IST" skipped="0">
  <testcase classname="com.vtiger.Create_ContactNew" name="createContact" time="34.313"/>
  <system-out/>
</testsuite> <!-- com.vtiger.Create_ContactNew -->
