<?xml version="1.0" encoding="UTF-8"?>
<!-- Generated by org.testng.reporters.JUnitReportReporter -->
<testsuite hostname="LAPTOP-C19916DJ" failures="0" tests="1" name="com.vtiger.CreateOpportunityusingContErasebuttonTC4" time="35.584" errors="0" timestamp="2021-04-20T18:57:42 IST" skipped="0">
  <testcase classname="com.vtiger.CreateOpportunityusingContErasebuttonTC4" name="createContactusingErasebutton" time="35.584"/>
  <system-out/>
</testsuite> <!-- com.vtiger.CreateOpportunityusingContErasebuttonTC4 -->
